::1 - - [27/Aug/2020:11:10:52 -0400] "GET / HTTP/1.1" 200 35312
::1 - - [27/Aug/2020:11:10:52 -0400] "GET /assets/css/pageStyles.css HTTP/1.1" 200 2839
::1 - - [27/Aug/2020:11:10:52 -0400] "GET /assets/javascript/dropDownControl.js HTTP/1.1" 304 -
::1 - - [27/Aug/2020:11:10:52 -0400] "GET /assets/javascript/vehicleGraph.js HTTP/1.1" 304 -
::1 - - [27/Aug/2020:11:12:38 -0400] "GET / HTTP/1.1" 200 130
::1 - - [27/Aug/2020:11:22:55 -0400] "GET / HTTP/1.1" 200 582
::1 - - [27/Aug/2020:11:22:55 -0400] "GET /favicon.ico HTTP/1.1" 404 209
::1 - - [27/Aug/2020:11:23:47 -0400] "GET / HTTP/1.1" 200 742
::1 - - [27/Aug/2020:11:23:47 -0400] "GET /favicon.ico HTTP/1.1" 404 209
::1 - - [27/Aug/2020:11:25:46 -0400] "GET / HTTP/1.1" 200 793
::1 - - [27/Aug/2020:11:25:46 -0400] "GET /assets/css/loginStyles.css HTTP/1.1" 200 37
::1 - - [27/Aug/2020:11:25:46 -0400] "GET /favicon.ico HTTP/1.1" 404 209
::1 - - [27/Aug/2020:11:26:33 -0400] "GET / HTTP/1.1" 200 793
::1 - - [27/Aug/2020:11:26:33 -0400] "GET /assets/css/loginStyles.css HTTP/1.1" 200 76
::1 - - [27/Aug/2020:11:26:33 -0400] "GET /favicon.ico HTTP/1.1" 404 209
::1 - - [27/Aug/2020:11:26:34 -0400] "GET / HTTP/1.1" 200 793
::1 - - [27/Aug/2020:11:26:34 -0400] "GET /assets/css/loginStyles.css HTTP/1.1" 200 76
::1 - - [27/Aug/2020:11:26:34 -0400] "GET /favicon.ico HTTP/1.1" 404 209
::1 - - [27/Aug/2020:11:27:05 -0400] "GET / HTTP/1.1" 200 824
::1 - - [27/Aug/2020:11:27:05 -0400] "GET /assets/css/loginStyles.css HTTP/1.1" 304 -
::1 - - [27/Aug/2020:11:34:10 -0400] "GET / HTTP/1.1" 200 976
::1 - - [27/Aug/2020:11:34:10 -0400] "GET /assets/css/loginStyles.css HTTP/1.1" 200 34
::1 - - [27/Aug/2020:11:34:10 -0400] "GET /favicon.ico HTTP/1.1" 404 209
::1 - - [27/Aug/2020:11:34:48 -0400] "GET / HTTP/1.1" 200 976
::1 - - [27/Aug/2020:11:34:48 -0400] "GET /assets/css/loginStyles.css HTTP/1.1" 200 77
::1 - - [27/Aug/2020:11:36:45 -0400] "GET / HTTP/1.1" 200 976
::1 - - [27/Aug/2020:11:36:45 -0400] "GET /assets/css/loginStyles.css HTTP/1.1" 200 116
::1 - - [27/Aug/2020:11:38:01 -0400] "GET / HTTP/1.1" 200 976
::1 - - [27/Aug/2020:11:38:01 -0400] "GET /assets/css/loginStyles.css HTTP/1.1" 200 234
::1 - - [27/Aug/2020:11:38:37 -0400] "POST /signin-check HTTP/1.1" 404 210
::1 - - [27/Aug/2020:11:40:24 -0400] "POST /signin-check HTTP/1.1" 404 210
::1 - - [27/Aug/2020:11:40:46 -0400] "POST /signin-check HTTP/1.1" 404 210
::1 - - [27/Aug/2020:11:40:49 -0400] "GET / HTTP/1.1" 200 975
::1 - - [27/Aug/2020:11:40:49 -0400] "GET /assets/css/loginStyles.css HTTP/1.1" 304 -
::1 - - [27/Aug/2020:11:40:53 -0400] "POST /signinCheck HTTP/1.1" 404 209
::1 - - [27/Aug/2020:11:41:17 -0400] "GET / HTTP/1.1" 200 990
::1 - - [27/Aug/2020:11:41:17 -0400] "GET /assets/css/loginStyles.css HTTP/1.1" 304 -
::1 - - [27/Aug/2020:11:41:18 -0400] "POST /assets/PHP/signinCheck.php HTTP/1.1" 200 43
::1 - - [27/Aug/2020:11:41:24 -0400] "POST /assets/PHP/signinCheck.php HTTP/1.1" 200 47
::1 - - [27/Aug/2020:12:05:05 -0400] "GET /main.php HTTP/1.1" 200 35312
::1 - - [27/Aug/2020:12:05:05 -0400] "GET /assets/css/pageStyles.css HTTP/1.1" 304 -
::1 - - [27/Aug/2020:12:05:16 -0400] "GET / HTTP/1.1" 200 990
::1 - - [27/Aug/2020:12:05:16 -0400] "GET /assets/css/loginStyles.css HTTP/1.1" 304 -
::1 - - [27/Aug/2020:12:05:20 -0400] "GET /phpmyadmin/ HTTP/1.1" 200 7945
::1 - - [27/Aug/2020:12:05:24 -0400] "GET /phpmyadmin/js/get_scripts.js.php?scripts[]=jquery/jquery-1.8.3.js&scripts[]=ajax.js&scripts[]=keyhandler.js&scripts[]=jquery/jquery-ui-1.9.2.custom.js&scripts[]=jquery/jquery.sprintf.js&scripts[]=jquery/jquery.cookie.js&scripts[]=jquery/jquery.mousewheel.js&scripts[]=jquery/jquery.event.drag-2.2.js&scripts[]=jquery/jquery-ui-timepicker-addon.js&scripts[]=jquery/jquery.ba-hashchange-1.3.js&scripts[]=jquery/jquery.debounce-1.0.5.js&scripts[]=jquery/jquery.menuResizer-1.0.js&scripts[]=rte.js&scripts[]=functions.js&scripts[]=navigation.js&scripts[]=indexes.js&scripts[]=common.js&scripts[]=codemirror/lib/codemirror.js&scripts[]=codemirror/mode/mysql/mysql.js HTTP/1.1" 200 578562
::1 - - [27/Aug/2020:12:05:24 -0400] "GET /phpmyadmin/phpmyadmin.css.php?server=1&token=21ce905b5df83f5ead31777fed92381e&nocache=4778542377ltr HTTP/1.1" 200 88608
::1 - - [27/Aug/2020:12:05:24 -0400] "GET /phpmyadmin/js/messages.php?lang=en&db=&server=0&token=375c9619aa3c0e46257a1f737c7928f8 HTTP/1.1" 200 16674
::1 - - [27/Aug/2020:12:05:24 -0400] "GET /phpmyadmin/js/get_image.js.php?theme=pmahomme HTTP/1.1" 200 6263
::1 - - [27/Aug/2020:12:05:26 -0400] "GET /phpmyadmin/themes/dot.gif HTTP/1.1" 200 43
::1 - - [27/Aug/2020:12:05:26 -0400] "GET /phpmyadmin/themes/pmahomme/img/logo_right.png HTTP/1.1" 200 4548
::1 - - [27/Aug/2020:12:05:26 -0400] "GET /phpmyadmin/themes/pmahomme/img/sprites.png HTTP/1.1" 200 61899
::1 - - [27/Aug/2020:12:05:29 -0400] "POST /phpmyadmin/index.php HTTP/1.1" 302 -
::1 - - [27/Aug/2020:12:05:29 -0400] "GET /phpmyadmin/index.php?token=21ce905b5df83f5ead31777fed92381e HTTP/1.1" 200 42640
::1 - - [27/Aug/2020:12:05:31 -0400] "GET /phpmyadmin/js/messages.php?lang=en&db=&server=0&token=21ce905b5df83f5ead31777fed92381e HTTP/1.1" 200 16674
::1 - - [27/Aug/2020:12:05:31 -0400] "GET /phpmyadmin/phpmyadmin.css.php?server=1&token=21ce905b5df83f5ead31777fed92381e&nocache=6377086707ltr HTTP/1.1" 200 88608
::1 - - [27/Aug/2020:12:05:31 -0400] "GET /phpmyadmin/themes/pmahomme/img/ajax_clock_small.gif HTTP/1.1" 200 1810
::1 - - [27/Aug/2020:12:05:31 -0400] "GET /phpmyadmin/themes/pmahomme/img/logo_left.png HTTP/1.1" 200 2327
::1 - - [27/Aug/2020:12:05:31 -0400] "GET /phpmyadmin/themes/pmahomme/img/left_nav_bg.png HTTP/1.1" 200 297
::1 - - [27/Aug/2020:12:05:31 -0400] "GET /phpmyadmin/version_check.php?&_nocache=159854433183137043 HTTP/1.1" 200 39
::1 - - [27/Aug/2020:12:05:33 -0400] "GET /phpmyadmin/db_structure.php?server=1&db=tco_vehicle_information&token=21ce905b5df83f5ead31777fed92381e&ajax_request=true&ajax_page_request=true&menuHashes=d205d42c&_nocache=1598544333643173163 HTTP/1.1" 200 48878
::1 - - [27/Aug/2020:12:05:35 -0400] "GET /phpmyadmin/themes/pmahomme/img/arrow_ltr.png HTTP/1.1" 200 139
::1 - - [27/Aug/2020:12:05:35 -0400] "GET /phpmyadmin/js/get_scripts.js.php?scripts[]=db_structure.js&scripts[]=tbl_change.js HTTP/1.1" 200 12382
::1 - - [27/Aug/2020:12:05:36 -0400] "GET /phpmyadmin/sql.php?db=tco_vehicle_information&token=21ce905b5df83f5ead31777fed92381e&goto=db_structure.php&table=simplified_view_cost_components&pos=0&ajax_request=true&ajax_page_request=true&menuHashes=d205d42c-fe3b4fce&_nocache=159854433681724514 HTTP/1.1" 200 228571
::1 - - [27/Aug/2020:12:05:38 -0400] "GET /phpmyadmin/themes/pmahomme/img/s_fulltext.png HTTP/1.1" 200 193
::1 - - [27/Aug/2020:12:05:38 -0400] "GET /phpmyadmin/js/get_scripts.js.php?scripts[]=tbl_structure.js&scripts[]=gis_data_editor.js&scripts[]=makegrid.js&scripts[]=sql.js HTTP/1.1" 200 50287
::1 - - [27/Aug/2020:12:05:39 -0400] "GET /phpmyadmin/index.php?ajax_request=1&recent_table=1&token=21ce905b5df83f5ead31777fed92381e HTTP/1.1" 200 292
::1 - - [27/Aug/2020:12:05:40 -0400] "GET /phpmyadmin/themes/pmahomme/img/col_pointer.png HTTP/1.1" 200 113
::1 - - [27/Aug/2020:12:05:40 -0400] "GET /phpmyadmin/themes/pmahomme/img/col_drop.png HTTP/1.1" 200 132
::1 - - [27/Aug/2020:12:06:15 -0400] "POST /assets/PHP/setPurchaseCost.php HTTP/1.1" 200 10
::1 - - [27/Aug/2020:12:06:15 -0400] "POST /assets/PHP/checkForZero.php HTTP/1.1" 200 18
::1 - - [27/Aug/2020:12:06:17 -0400] "POST /assets/PHP/setPurchaseCost.php HTTP/1.1" 200 10
::1 - - [27/Aug/2020:12:06:17 -0400] "POST /assets/PHP/checkForZero.php HTTP/1.1" 200 18
::1 - - [27/Aug/2020:12:06:20 -0400] "POST /assets/PHP/setPurchaseCost.php HTTP/1.1" 200 10
::1 - - [27/Aug/2020:12:06:20 -0400] "POST /assets/PHP/checkForZero.php HTTP/1.1" 200 18
::1 - - [27/Aug/2020:12:06:25 -0400] "POST /assets/PHP/setPurchaseCost.php HTTP/1.1" 200 10
::1 - - [27/Aug/2020:12:06:25 -0400] "POST /assets/PHP/checkForZero.php HTTP/1.1" 200 18
::1 - - [27/Aug/2020:12:06:27 -0400] "POST /assets/PHP/setPurchaseCost.php HTTP/1.1" 200 10
::1 - - [27/Aug/2020:12:06:27 -0400] "POST /assets/PHP/checkForZero.php HTTP/1.1" 200 18
::1 - - [27/Aug/2020:12:06:29 -0400] "POST /assets/PHP/setPurchaseCost.php HTTP/1.1" 200 10
::1 - - [27/Aug/2020:12:06:29 -0400] "POST /assets/PHP/checkForZero.php HTTP/1.1" 200 18
::1 - - [27/Aug/2020:12:06:31 -0400] "POST /assets/PHP/setPurchaseCost.php HTTP/1.1" 200 10
::1 - - [27/Aug/2020:12:06:31 -0400] "POST /assets/PHP/checkForZero.php HTTP/1.1" 200 209
::1 - - [27/Aug/2020:12:06:32 -0400] "POST /assets/PHP/processForm.php HTTP/1.1" 200 209
::1 - - [27/Aug/2020:12:06:41 -0400] "POST /assets/PHP/processForm.php HTTP/1.1" 200 209
::1 - - [27/Aug/2020:12:06:57 -0400] "POST /assets/PHP/processForm.php HTTP/1.1" 200 2534
::1 - - [27/Aug/2020:12:07:11 -0400] "POST /assets/PHP/setPurchaseCost.php HTTP/1.1" 200 10
::1 - - [27/Aug/2020:12:07:11 -0400] "POST /assets/PHP/checkForZero.php HTTP/1.1" 200 18
::1 - - [27/Aug/2020:12:07:12 -0400] "POST /assets/PHP/processForm.php HTTP/1.1" 200 2523
::1 - - [27/Aug/2020:12:07:26 -0400] "GET /phpmyadmin/sql.php?db=tco_vehicle_information&table=simplified_view_cost_components&token=21ce905b5df83f5ead31777fed92381e&pos=0&ajax_request=true&ajax_page_request=true&menuHashes=d205d42c-fe3b4fce-c6acfdd6&_nocache=1598544446237463156 HTTP/1.1" 200 225291
::1 - - [27/Aug/2020:12:07:27 -0400] "GET /phpmyadmin/index.php?ajax_request=1&recent_table=1&token=21ce905b5df83f5ead31777fed92381e HTTP/1.1" 200 292
::1 - - [27/Aug/2020:12:07:51 -0400] "POST /phpmyadmin/sql.php?db=tco_vehicle_information&table=simplified_view_cost_components&sql_query=SELECT+%2A+FROM+%60simplified_view_cost_components%60&goto=&token=21ce905b5df83f5ead31777fed92381e HTTP/1.1" 200 226050
::1 - - [27/Aug/2020:12:07:53 -0400] "GET /phpmyadmin/index.php?ajax_request=1&recent_table=1&token=21ce905b5df83f5ead31777fed92381e HTTP/1.1" 200 292
::1 - - [27/Aug/2020:12:08:11 -0400] "POST /assets/PHP/checkForZero.php HTTP/1.1" 200 209
::1 - - [27/Aug/2020:12:08:11 -0400] "POST /assets/PHP/setPurchaseCost.php HTTP/1.1" 200 10
::1 - - [27/Aug/2020:12:08:13 -0400] "POST /assets/PHP/processForm.php HTTP/1.1" 200 209
::1 - - [27/Aug/2020:12:08:17 -0400] "POST /assets/PHP/processForm.php HTTP/1.1" 200 209
::1 - - [27/Aug/2020:12:08:30 -0400] "POST /assets/PHP/setPurchaseCost.php HTTP/1.1" 200 10
::1 - - [27/Aug/2020:12:08:30 -0400] "POST /assets/PHP/checkForZero.php HTTP/1.1" 200 18
::1 - - [27/Aug/2020:12:08:33 -0400] "POST /assets/PHP/processForm.php HTTP/1.1" 200 2166
