[Mon Nov 30 15:57:26.462441 2020] [mpm_winnt:notice] [pid 17960:tid 960] AH00455: Apache/2.4.6 (Win32) PHP/5.4.17 configured -- resuming normal operations
[Mon Nov 30 15:57:26.462441 2020] [mpm_winnt:notice] [pid 17960:tid 960] AH00456: Apache Lounge VC10 Server built: Jul 16 2013 11:15:41
[Mon Nov 30 15:57:26.462441 2020] [core:notice] [pid 17960:tid 960] AH00094: Command line: 'C:\\Users\\warri\\Desktop\\HELP\\TCO-Web-Tool\\webtool/apache2/bin/httpd_usbwv8.exe -d C:/Users/warri/Desktop/HELP/TCO-Web-Tool/webtool/apache2'
[Mon Nov 30 15:57:26.473417 2020] [mpm_winnt:notice] [pid 17960:tid 960] AH00418: Parent: Created child process 104
[Mon Nov 30 15:57:29.443037 2020] [mpm_winnt:notice] [pid 104:tid 844] AH00354: Child: Starting 64 worker threads.
[Mon Nov 30 16:46:13.014615 2020] [:error] [pid 104:tid 1352] [client ::1:52263] PHP Notice:  Array to string conversion in C:\\Users\\warri\\Desktop\\HELP\\TCO-Web-Tool\\webtool\\root\\assets\\PHP\\fuelPriceCalculations.php on line 428, referer: http://localhost:8080/main.php
[Mon Nov 30 17:01:37.154071 2020] [:error] [pid 104:tid 1344] [client ::1:60142] PHP Parse error:  syntax error, unexpected '$fuelPrice' (T_VARIABLE) in C:\\Users\\warri\\Desktop\\HELP\\TCO-Web-Tool\\webtool\\root\\assets\\PHP\\fuelPriceCalculations.php on line 443, referer: http://localhost:8080/main.php
[Mon Nov 30 18:44:10.651551 2020] [:error] [pid 104:tid 1356] [client ::1:61937] PHP Notice:  Undefined offset: 16 in C:\\Users\\warri\\Desktop\\HELP\\TCO-Web-Tool\\webtool\\root\\assets\\PHP\\newMaintenancePriceCalculations.php on line 153, referer: http://localhost:8080/main.php
[Mon Nov 30 18:44:10.651551 2020] [:error] [pid 104:tid 1356] [client ::1:61937] PHP Notice:  Undefined offset: 17 in C:\\Users\\warri\\Desktop\\HELP\\TCO-Web-Tool\\webtool\\root\\assets\\PHP\\newMaintenancePriceCalculations.php on line 153, referer: http://localhost:8080/main.php
[Mon Nov 30 18:44:10.651551 2020] [:error] [pid 104:tid 1356] [client ::1:61937] PHP Notice:  Undefined offset: 18 in C:\\Users\\warri\\Desktop\\HELP\\TCO-Web-Tool\\webtool\\root\\assets\\PHP\\newMaintenancePriceCalculations.php on line 153, referer: http://localhost:8080/main.php
[Mon Nov 30 18:44:10.651551 2020] [:error] [pid 104:tid 1356] [client ::1:61937] PHP Notice:  Undefined offset: 19 in C:\\Users\\warri\\Desktop\\HELP\\TCO-Web-Tool\\webtool\\root\\assets\\PHP\\newMaintenancePriceCalculations.php on line 153, referer: http://localhost:8080/main.php
[Mon Nov 30 18:44:10.651551 2020] [:error] [pid 104:tid 1356] [client ::1:61937] PHP Notice:  Undefined offset: 20 in C:\\Users\\warri\\Desktop\\HELP\\TCO-Web-Tool\\webtool\\root\\assets\\PHP\\newMaintenancePriceCalculations.php on line 153, referer: http://localhost:8080/main.php
[Mon Nov 30 18:44:10.651551 2020] [:error] [pid 104:tid 1356] [client ::1:61937] PHP Notice:  Undefined offset: 21 in C:\\Users\\warri\\Desktop\\HELP\\TCO-Web-Tool\\webtool\\root\\assets\\PHP\\newMaintenancePriceCalculations.php on line 153, referer: http://localhost:8080/main.php
[Mon Nov 30 18:44:10.651551 2020] [:error] [pid 104:tid 1356] [client ::1:61937] PHP Notice:  Undefined offset: 22 in C:\\Users\\warri\\Desktop\\HELP\\TCO-Web-Tool\\webtool\\root\\assets\\PHP\\newMaintenancePriceCalculations.php on line 153, referer: http://localhost:8080/main.php
[Mon Nov 30 18:44:10.651551 2020] [:error] [pid 104:tid 1356] [client ::1:61937] PHP Notice:  Undefined offset: 23 in C:\\Users\\warri\\Desktop\\HELP\\TCO-Web-Tool\\webtool\\root\\assets\\PHP\\newMaintenancePriceCalculations.php on line 153, referer: http://localhost:8080/main.php
[Mon Nov 30 18:44:10.651551 2020] [:error] [pid 104:tid 1356] [client ::1:61937] PHP Notice:  Undefined offset: 24 in C:\\Users\\warri\\Desktop\\HELP\\TCO-Web-Tool\\webtool\\root\\assets\\PHP\\newMaintenancePriceCalculations.php on line 153, referer: http://localhost:8080/main.php
[Mon Nov 30 18:44:10.651551 2020] [:error] [pid 104:tid 1356] [client ::1:61937] PHP Notice:  Undefined offset: 25 in C:\\Users\\warri\\Desktop\\HELP\\TCO-Web-Tool\\webtool\\root\\assets\\PHP\\newMaintenancePriceCalculations.php on line 153, referer: http://localhost:8080/main.php
[Mon Nov 30 18:44:10.653549 2020] [:error] [pid 104:tid 1356] [client ::1:61937] PHP Notice:  Undefined offset: 26 in C:\\Users\\warri\\Desktop\\HELP\\TCO-Web-Tool\\webtool\\root\\assets\\PHP\\newMaintenancePriceCalculations.php on line 153, referer: http://localhost:8080/main.php
[Mon Nov 30 18:44:10.653549 2020] [:error] [pid 104:tid 1356] [client ::1:61937] PHP Notice:  Undefined offset: 27 in C:\\Users\\warri\\Desktop\\HELP\\TCO-Web-Tool\\webtool\\root\\assets\\PHP\\newMaintenancePriceCalculations.php on line 153, referer: http://localhost:8080/main.php
[Mon Nov 30 18:44:10.653549 2020] [:error] [pid 104:tid 1356] [client ::1:61937] PHP Notice:  Undefined offset: 28 in C:\\Users\\warri\\Desktop\\HELP\\TCO-Web-Tool\\webtool\\root\\assets\\PHP\\newMaintenancePriceCalculations.php on line 153, referer: http://localhost:8080/main.php
[Mon Nov 30 18:44:10.653549 2020] [:error] [pid 104:tid 1356] [client ::1:61937] PHP Notice:  Undefined offset: 29 in C:\\Users\\warri\\Desktop\\HELP\\TCO-Web-Tool\\webtool\\root\\assets\\PHP\\newMaintenancePriceCalculations.php on line 153, referer: http://localhost:8080/main.php
