2020-06-22 13:37:18 14840 [Note] Plugin 'FEDERATED' is disabled.
2020-06-22 13:37:18 14840 [Note] InnoDB: The InnoDB memory heap is disabled
2020-06-22 13:37:18 14840 [Note] InnoDB: Mutexes and rw_locks use Windows interlocked functions
2020-06-22 13:37:18 14840 [Note] InnoDB: Compressed tables use zlib 1.2.3
2020-06-22 13:37:18 14840 [Note] InnoDB: Not using CPU crc32 instructions
2020-06-22 13:37:18 14840 [Note] InnoDB: Initializing buffer pool, size = 128.0M
2020-06-22 13:37:18 14840 [Note] InnoDB: Completed initialization of buffer pool
2020-06-22 13:37:18 14840 [Note] InnoDB: Setting log file C:\Users\warri\Desktop\Sandia TCO Web Tool\TCO-Web-Tool\webtool\mysql\data\ib_logfile101 size to 5 MB
2020-06-22 13:37:18 14840 [Note] InnoDB: Setting log file C:\Users\warri\Desktop\Sandia TCO Web Tool\TCO-Web-Tool\webtool\mysql\data\ib_logfile1 size to 5 MB
2020-06-22 13:37:18 14840 [Note] InnoDB: Renaming log file C:\Users\warri\Desktop\Sandia TCO Web Tool\TCO-Web-Tool\webtool\mysql\data\ib_logfile101 to C:\Users\warri\Desktop\Sandia TCO Web Tool\TCO-Web-Tool\webtool\mysql\data\ib_logfile0
2020-06-22 13:37:18 14840 [Warning] InnoDB: New log files created, LSN=1626134
2020-06-22 13:37:18 14840 [Note] InnoDB: Highest supported file format is Barracuda.
2020-06-22 13:37:18 14840 [Note] InnoDB: 128 rollback segment(s) are active.
2020-06-22 13:37:18 14840 [Note] InnoDB: Waiting for purge to start
2020-06-22 13:37:18 14840 [Note] InnoDB: 5.6.13 started; log sequence number 1626636
2020-06-22 13:37:18 14840 [Warning] No existing UUID has been found, so we assume that this is the first time that this server has been started. Generating a new UUID: 054c603e-b4af-11ea-8266-aced5cf63753.
2020-06-22 13:37:18 14840 [Note] Server hostname (bind-address): '*'; port: 3307
2020-06-22 13:37:18 14840 [Note] IPv6 is available.
2020-06-22 13:37:18 14840 [Note]   - '::' resolves to '::';
2020-06-22 13:37:18 14840 [Note] Server socket created on IP: '::'.
2020-06-22 13:58:44 10356 [Note] Plugin 'FEDERATED' is disabled.
2020-06-22 13:58:44 10356 [Note] InnoDB: The InnoDB memory heap is disabled
2020-06-22 13:58:44 10356 [Note] InnoDB: Mutexes and rw_locks use Windows interlocked functions
2020-06-22 13:58:44 10356 [Note] InnoDB: Compressed tables use zlib 1.2.3
2020-06-22 13:58:44 10356 [Note] InnoDB: Not using CPU crc32 instructions
2020-06-22 13:58:44 10356 [Note] InnoDB: Initializing buffer pool, size = 128.0M
2020-06-22 13:58:44 10356 [Note] InnoDB: Completed initialization of buffer pool
2020-06-22 13:58:44 10356 [Note] InnoDB: Highest supported file format is Barracuda.
2020-06-22 13:58:44 10356 [Note] InnoDB: The log sequence numbers 1626134 and 1626134 in ibdata files do not match the log sequence number 1626646 in the ib_logfiles!
2020-06-22 13:58:44 10356 [Note] InnoDB: Database was not shutdown normally!
2020-06-22 13:58:44 10356 [Note] InnoDB: Starting crash recovery.
2020-06-22 13:58:44 10356 [Note] InnoDB: Reading tablespace information from the .ibd files...
2020-06-22 13:58:44 10356 [Note] InnoDB: Restoring possible half-written data pages 
2020-06-22 13:58:44 10356 [Note] InnoDB: from the doublewrite buffer...
2020-06-22 13:58:44 10356 [Note] InnoDB: 128 rollback segment(s) are active.
2020-06-22 13:58:44 10356 [Note] InnoDB: Waiting for purge to start
2020-06-22 13:58:44 10356 [Note] InnoDB: 5.6.13 started; log sequence number 1626646
2020-06-22 13:58:44 10356 [Note] Server hostname (bind-address): '*'; port: 3307
2020-06-22 13:58:44 10356 [Note] IPv6 is available.
2020-06-22 13:58:44 10356 [Note]   - '::' resolves to '::';
2020-06-22 13:58:44 10356 [Note] Server socket created on IP: '::'.
2020-06-22 15:10:42 18036 [Note] Plugin 'FEDERATED' is disabled.
2020-06-22 15:10:42 18036 [Note] InnoDB: The InnoDB memory heap is disabled
2020-06-22 15:10:42 18036 [Note] InnoDB: Mutexes and rw_locks use Windows interlocked functions
2020-06-22 15:10:42 18036 [Note] InnoDB: Compressed tables use zlib 1.2.3
2020-06-22 15:10:42 18036 [Note] InnoDB: Not using CPU crc32 instructions
2020-06-22 15:10:42 18036 [Note] InnoDB: Initializing buffer pool, size = 128.0M
2020-06-22 15:10:42 18036 [Note] InnoDB: Completed initialization of buffer pool
2020-06-22 15:10:43 18036 [Note] InnoDB: Highest supported file format is Barracuda.
2020-06-22 15:10:43 18036 [Note] InnoDB: The log sequence numbers 1626134 and 1626134 in ibdata files do not match the log sequence number 1626656 in the ib_logfiles!
2020-06-22 15:10:43 18036 [Note] InnoDB: Database was not shutdown normally!
2020-06-22 15:10:43 18036 [Note] InnoDB: Starting crash recovery.
2020-06-22 15:10:43 18036 [Note] InnoDB: Reading tablespace information from the .ibd files...
2020-06-22 15:10:43 18036 [Note] InnoDB: Restoring possible half-written data pages 
2020-06-22 15:10:43 18036 [Note] InnoDB: from the doublewrite buffer...
2020-06-22 15:10:43 18036 [Note] InnoDB: 128 rollback segment(s) are active.
2020-06-22 15:10:43 18036 [Note] InnoDB: Waiting for purge to start
2020-06-22 15:10:43 18036 [Note] InnoDB: 5.6.13 started; log sequence number 1626656
2020-06-22 15:10:43 18036 [Note] Server hostname (bind-address): '*'; port: 3307
2020-06-22 15:10:43 18036 [Note] IPv6 is available.
2020-06-22 15:10:43 18036 [Note]   - '::' resolves to '::';
2020-06-22 15:10:43 18036 [Note] Server socket created on IP: '::'.
2020-06-22 15:10:43 18036 [Note] Event Scheduler: Loaded 0 events
2020-06-22 15:10:43 18036 [Note] C:\Users\warri\Desktop\Sandia TCO Web Tool\TCO-Web-Tool\webtool/mysql/bin/mysqld_usbwv8.exe: ready for connections.
Version: '5.6.13'  socket: ''  port: 3307  MySQL Community Server (GPL)
